Determining if the pthread_create exist failed with the following output:
Change Dir: /home/iosmichael/Documents/cse291/assign1/build/CMakeFiles/CMakeTmp

Run Build Command:"/usr/bin/make" "cmTC_8330b/fast"
/usr/bin/make -f CMakeFiles/cmTC_8330b.dir/build.make CMakeFiles/cmTC_8330b.dir/build
make[1]: Entering directory '/home/iosmichael/Documents/cse291/assign1/build/CMakeFiles/CMakeTmp'
Building C object CMakeFiles/cmTC_8330b.dir/CheckSymbolExists.c.o
/usr/bin/gcc-7    -o CMakeFiles/cmTC_8330b.dir/CheckSymbolExists.c.o   -c /home/iosmichael/Documents/cse291/assign1/build/CMakeFiles/CMakeTmp/CheckSymbolExists.c
Linking C executable cmTC_8330b
/usr/bin/cmake -E cmake_link_script CMakeFiles/cmTC_8330b.dir/link.txt --verbose=1
/usr/bin/gcc-7      -rdynamic CMakeFiles/cmTC_8330b.dir/CheckSymbolExists.c.o  -o cmTC_8330b 
CMakeFiles/cmTC_8330b.dir/CheckSymbolExists.c.o: In function `main':
CheckSymbolExists.c:(.text+0x1b): undefined reference to `pthread_create'
collect2: error: ld returned 1 exit status
CMakeFiles/cmTC_8330b.dir/build.make:97: recipe for target 'cmTC_8330b' failed
make[1]: *** [cmTC_8330b] Error 1
make[1]: Leaving directory '/home/iosmichael/Documents/cse291/assign1/build/CMakeFiles/CMakeTmp'
Makefile:126: recipe for target 'cmTC_8330b/fast' failed
make: *** [cmTC_8330b/fast] Error 2

File /home/iosmichael/Documents/cse291/assign1/build/CMakeFiles/CMakeTmp/CheckSymbolExists.c:
/* */
#include <pthread.h>

int main(int argc, char** argv)
{
  (void)argv;
#ifndef pthread_create
  return ((int*)(&pthread_create))[argc];
#else
  (void)argc;
  return 0;
#endif
}

Determining if the function pthread_create exists in the pthreads failed with the following output:
Change Dir: /home/iosmichael/Documents/cse291/assign1/build/CMakeFiles/CMakeTmp

Run Build Command:"/usr/bin/make" "cmTC_0e201/fast"
/usr/bin/make -f CMakeFiles/cmTC_0e201.dir/build.make CMakeFiles/cmTC_0e201.dir/build
make[1]: Entering directory '/home/iosmichael/Documents/cse291/assign1/build/CMakeFiles/CMakeTmp'
Building C object CMakeFiles/cmTC_0e201.dir/CheckFunctionExists.c.o
/usr/bin/gcc-7   -DCHECK_FUNCTION_EXISTS=pthread_create   -o CMakeFiles/cmTC_0e201.dir/CheckFunctionExists.c.o   -c /usr/share/cmake-3.10/Modules/CheckFunctionExists.c
Linking C executable cmTC_0e201
/usr/bin/cmake -E cmake_link_script CMakeFiles/cmTC_0e201.dir/link.txt --verbose=1
/usr/bin/gcc-7  -DCHECK_FUNCTION_EXISTS=pthread_create    -rdynamic CMakeFiles/cmTC_0e201.dir/CheckFunctionExists.c.o  -o cmTC_0e201 -lpthreads 
/usr/bin/ld: cannot find -lpthreads
collect2: error: ld returned 1 exit status
CMakeFiles/cmTC_0e201.dir/build.make:97: recipe for target 'cmTC_0e201' failed
make[1]: *** [cmTC_0e201] Error 1
make[1]: Leaving directory '/home/iosmichael/Documents/cse291/assign1/build/CMakeFiles/CMakeTmp'
Makefile:126: recipe for target 'cmTC_0e201/fast' failed
make: *** [cmTC_0e201/fast] Error 2


